<?xml version="1.0" encoding="UTF-8"?>
<!-- Generated by org.testng.reporters.JUnitReportReporter -->
<testsuite hostname="LAPTOP-0GR6B3UR" failures="0" tests="3" name="com.olp.test.SP1_OLX_T1110" time="52.877" errors="0" timestamp="2023-07-17T19:08:00 IST" skipped="0">
  <testcase classname="com.olp.test.SP1_OLX_T1110" name="loginToVessel" time="16.804"/>
  <system-out/>
  <testcase classname="com.olp.test.SP1_OLX_T1110" name="navigateToShowAdvanceSearch" time="13.777"/>
  <system-out/>
  <testcase classname="com.olp.test.SP1_OLX_T1110" name="setPendingProficienciesFrom0AndValueA" time="22.296"/>
  <system-out/>
</testsuite> <!-- com.olp.test.SP1_OLX_T1110 -->
